<?xml version="1.0" encoding="UTF-8"?>
<!-- Generated by org.testng.reporters.JUnitReportReporter -->
<testsuite hostname="AthzKrish" failures="0" tests="3" name="ojt.Resources" time="57.810" errors="0" timestamp="2025-04-21T13:13:45 EDT" skipped="0">
  <testcase classname="ojt.Resources" name="verifyUrl" time="16.359"/>
  <testcase classname="ojt.Resources" name="verifyTitle" time="15.682"/>
  <testcase classname="ojt.Resources" name="verifyCASAMEDICAL" time="25.769"/>
</testsuite> <!-- ojt.Resources -->
